  Lab4_main.cpp
D:\all students workhome\Информатика 2 семестр\лабораторная работа №4\проба сделать как в учебнике\Lab4_main.cpp(15,2): error C2440: return: невозможно преобразовать "Lorry" в "Car"
D:\all students workhome\Информатика 2 семестр\лабораторная работа №4\проба сделать как в учебнике\Lab4_main.cpp(15,2): message : Для выполнения данного преобразования нет доступного оператора преобразования, определенного пользователем, или вызов оператора невозможен
D:\all students workhome\Информатика 2 семестр\лабораторная работа №4\проба сделать как в учебнике\Lab4_main.cpp(18,1): warning C4326: возвращаемый тип "main" должен быть "int", а не "void"
D:\all students workhome\Информатика 2 семестр\лабораторная работа №4\проба сделать как в учебнике\Lab4_main.cpp(30,2): error C2664: "void f1(Car &)": невозможно преобразовать аргумент 1 из "Lorry" в "Car &"
D:\all students workhome\Информатика 2 семестр\лабораторная работа №4\проба сделать как в учебнике\Lab4_main.cpp(6,6): message : см. объявление "f1"
D:\all students workhome\Информатика 2 семестр\лабораторная работа №4\проба сделать как в учебнике\Lab4_main.cpp(30,2): message : при попытке сопоставить список аргументов "(Lorry)"
  Lorry.cpp
D:\all students workhome\Информатика 2 семестр\лабораторная работа №4\проба сделать как в учебнике\Lorry.cpp(3,1): error C2447: {: отсутствует заголовок функции (возможно, используется формальный список старого типа)
D:\all students workhome\Информатика 2 семестр\лабораторная работа №4\проба сделать как в учебнике\Lorry.cpp(7,1): error C2447: {: отсутствует заголовок функции (возможно, используется формальный список старого типа)
D:\all students workhome\Информатика 2 семестр\лабораторная работа №4\проба сделать как в учебнике\Lorry.cpp(10,46): error C2614: Lorry: недопустимая инициализация члена: "Car" не является базовым классом или членом
D:\all students workhome\Информатика 2 семестр\лабораторная работа №4\проба сделать как в учебнике\Lorry.cpp(15,1): error C2447: {: отсутствует заголовок функции (возможно, используется формальный список старого типа)
D:\all students workhome\Информатика 2 семестр\лабораторная работа №4\проба сделать как в учебнике\Lorry.cpp(27,31): error C2065: mark: необъявленный идентификатор
D:\all students workhome\Информатика 2 семестр\лабораторная работа №4\проба сделать как в учебнике\Lorry.cpp(27,40): error C2039: "mark": не является членом "Lorry".
D:\all students workhome\Информатика 2 семестр\лабораторная работа №4\проба сделать как в учебнике\Lorry.h(5,7): message : см. объявление "Lorry"
D:\all students workhome\Информатика 2 семестр\лабораторная работа №4\проба сделать как в учебнике\Lorry.cpp(27,46): error C2065: power: необъявленный идентификатор
D:\all students workhome\Информатика 2 семестр\лабораторная работа №4\проба сделать как в учебнике\Lorry.cpp(27,56): error C2039: "power": не является членом "Lorry".
D:\all students workhome\Информатика 2 семестр\лабораторная работа №4\проба сделать как в учебнике\Lorry.h(5,7): message : см. объявление "Lorry"
D:\all students workhome\Информатика 2 семестр\лабораторная работа №4\проба сделать как в учебнике\Lorry.cpp(27,63): error C2065: cyl: необъявленный идентификатор
D:\all students workhome\Информатика 2 семестр\лабораторная работа №4\проба сделать как в учебнике\Lorry.cpp(27,71): error C2039: "cyl": не является членом "Lorry".
D:\all students workhome\Информатика 2 семестр\лабораторная работа №4\проба сделать как в учебнике\Lorry.h(5,7): message : см. объявление "Lorry"
D:\all students workhome\Информатика 2 семестр\лабораторная работа №4\проба сделать как в учебнике\Lorry.cpp(33,29): error C2039: "mark": не является членом "Lorry".
D:\all students workhome\Информатика 2 семестр\лабораторная работа №4\проба сделать как в учебнике\Lorry.h(5,7): message : см. объявление "Lorry"
D:\all students workhome\Информатика 2 семестр\лабораторная работа №4\проба сделать как в учебнике\Lorry.cpp(33,63): error C2039: "power": не является членом "Lorry".
D:\all students workhome\Информатика 2 семестр\лабораторная работа №4\проба сделать как в учебнике\Lorry.h(5,7): message : см. объявление "Lorry"
D:\all students workhome\Информатика 2 семестр\лабораторная работа №4\проба сделать как в учебнике\Lorry.cpp(33,96): error C2039: "cyl": не является членом "Lorry".
D:\all students workhome\Информатика 2 семестр\лабораторная работа №4\проба сделать как в учебнике\Lorry.h(5,7): message : см. объявление "Lorry"
D:\all students workhome\Информатика 2 семестр\лабораторная работа №4\проба сделать как в учебнике\Lorry.cpp(38,26): error C2039: "mark": не является членом "Lorry".
D:\all students workhome\Информатика 2 семестр\лабораторная работа №4\проба сделать как в учебнике\Lorry.h(5,7): message : см. объявление "Lorry"
D:\all students workhome\Информатика 2 семестр\лабораторная работа №4\проба сделать как в учебнике\Lorry.cpp(38,55): error C2039: "cyl": не является членом "Lorry".
D:\all students workhome\Информатика 2 семестр\лабораторная работа №4\проба сделать как в учебнике\Lorry.h(5,7): message : см. объявление "Lorry"
D:\all students workhome\Информатика 2 семестр\лабораторная работа №4\проба сделать как в учебнике\Lorry.cpp(38,85): error C2039: "power": не является членом "Lorry".
D:\all students workhome\Информатика 2 семестр\лабораторная работа №4\проба сделать как в учебнике\Lorry.h(5,7): message : см. объявление "Lorry"
  Создание кода...
