c:\users\olegk\source\repos\lab8\lab8\x64\debug\vc143.pdb
c:\users\olegk\source\repos\lab8\lab8\x64\debug\vc143.idb
c:\users\olegk\source\repos\lab8\lab8\x64\debug\person.obj
c:\users\olegk\source\repos\lab8\lab8\x64\debug\object.obj
c:\users\olegk\source\repos\lab8\lab8\x64\debug\list.obj
c:\users\olegk\source\repos\lab8\lab8\x64\debug\lab8_main.obj
c:\users\olegk\source\repos\lab8\lab8\x64\debug\event.obj
c:\users\olegk\source\repos\lab8\lab8\x64\debug\emloyee.obj
c:\users\olegk\source\repos\lab8\lab8\x64\debug\dialog.obj
c:\users\olegk\source\repos\lab8\x64\debug\lab8.exe
c:\users\olegk\source\repos\lab8\x64\debug\lab8.pdb
c:\users\olegk\source\repos\lab8\lab8\x64\debug\lab8.ilk
c:\users\olegk\source\repos\lab8\lab8\x64\debug\dialog.obj.enc
c:\users\olegk\source\repos\lab8\lab8\x64\debug\lab8.tlog\cl.command.1.tlog
c:\users\olegk\source\repos\lab8\lab8\x64\debug\lab8.tlog\cl.items.tlog
c:\users\olegk\source\repos\lab8\lab8\x64\debug\lab8.tlog\cl.read.1.tlog
c:\users\olegk\source\repos\lab8\lab8\x64\debug\lab8.tlog\cl.write.1.tlog
c:\users\olegk\source\repos\lab8\lab8\x64\debug\lab8.tlog\link.command.1.tlog
c:\users\olegk\source\repos\lab8\lab8\x64\debug\lab8.tlog\link.read.1.tlog
c:\users\olegk\source\repos\lab8\lab8\x64\debug\lab8.tlog\link.secondary.1.tlog
c:\users\olegk\source\repos\lab8\lab8\x64\debug\lab8.tlog\link.write.1.tlog
